<?xml version="1.0" encoding="UTF-8"?>
<coverage generated="1674854819220" clover="3.2.0">
  <project timestamp="1674854819220" name="All files">
    <metrics statements="21" coveredstatements="21" conditionals="0" coveredconditionals="0" methods="10" coveredmethods="10" elements="31" coveredelements="31" complexity="0" loc="21" ncloc="21" packages="4" files="10" classes="10"/>
    <package name="components">
      <metrics statements="3" coveredstatements="3" conditionals="0" coveredconditionals="0" methods="1" coveredmethods="1"/>
      <file name="App.jsx" path="/Users/ctunakan/FEC/FEC/client/src/components/App.jsx">
        <metrics statements="3" coveredstatements="3" conditionals="0" coveredconditionals="0" methods="1" coveredmethods="1"/>
        <line num="11" count="1" type="stmt"/>
        <line num="12" count="1" type="stmt"/>
        <line num="14" count="1" type="stmt"/>
      </file>
    </package>
    <package name="components.OverviewFolder">
      <metrics statements="2" coveredstatements="2" conditionals="0" coveredconditionals="0" methods="1" coveredmethods="1"/>
      <file name="Overview.jsx" path="/Users/ctunakan/FEC/FEC/client/src/components/OverviewFolder/Overview.jsx">
        <metrics statements="2" coveredstatements="2" conditionals="0" coveredconditionals="0" methods="1" coveredmethods="1"/>
        <line num="4" count="1" type="stmt"/>
        <line num="10" count="1" type="stmt"/>
      </file>
    </package>
    <package name="components.QuestionAnswerFolder">
      <metrics statements="2" coveredstatements="2" conditionals="0" coveredconditionals="0" methods="1" coveredmethods="1"/>
      <file name="QuestionAnswer.jsx" path="/Users/ctunakan/FEC/FEC/client/src/components/QuestionAnswerFolder/QuestionAnswer.jsx">
        <metrics statements="2" coveredstatements="2" conditionals="0" coveredconditionals="0" methods="1" coveredmethods="1"/>
        <line num="4" count="1" type="stmt"/>
        <line num="5" count="1" type="stmt"/>
      </file>
    </package>
    <package name="components.RateAndReviewFolder">
      <metrics statements="14" coveredstatements="14" conditionals="0" coveredconditionals="0" methods="7" coveredmethods="7"/>
      <file name="NewReview.jsx" path="/Users/ctunakan/FEC/FEC/client/src/components/RateAndReviewFolder/NewReview.jsx">
        <metrics statements="2" coveredstatements="2" conditionals="0" coveredconditionals="0" methods="1" coveredmethods="1"/>
        <line num="3" count="2" type="stmt"/>
        <line num="4" count="2" type="stmt"/>
      </file>
      <file name="ProductBreakdown.jsx" path="/Users/ctunakan/FEC/FEC/client/src/components/RateAndReviewFolder/ProductBreakdown.jsx">
        <metrics statements="2" coveredstatements="2" conditionals="0" coveredconditionals="0" methods="1" coveredmethods="1"/>
        <line num="3" count="2" type="stmt"/>
        <line num="4" count="2" type="stmt"/>
      </file>
      <file name="RateAndReview.jsx" path="/Users/ctunakan/FEC/FEC/client/src/components/RateAndReviewFolder/RateAndReview.jsx">
        <metrics statements="2" coveredstatements="2" conditionals="0" coveredconditionals="0" methods="1" coveredmethods="1"/>
        <line num="6" count="2" type="stmt"/>
        <line num="7" count="2" type="stmt"/>
      </file>
      <file name="RatingBreakdown.jsx" path="/Users/ctunakan/FEC/FEC/client/src/components/RateAndReviewFolder/RatingBreakdown.jsx">
        <metrics statements="2" coveredstatements="2" conditionals="0" coveredconditionals="0" methods="1" coveredmethods="1"/>
        <line num="3" count="3" type="stmt"/>
        <line num="4" count="6" type="stmt"/>
      </file>
      <file name="ReviewTile.jsx" path="/Users/ctunakan/FEC/FEC/client/src/components/RateAndReviewFolder/ReviewTile.jsx">
        <metrics statements="2" coveredstatements="2" conditionals="0" coveredconditionals="0" methods="1" coveredmethods="1"/>
        <line num="3" count="2" type="stmt"/>
        <line num="4" count="2" type="stmt"/>
      </file>
      <file name="ReviewsList.jsx" path="/Users/ctunakan/FEC/FEC/client/src/components/RateAndReviewFolder/ReviewsList.jsx">
        <metrics statements="2" coveredstatements="2" conditionals="0" coveredconditionals="0" methods="1" coveredmethods="1"/>
        <line num="6" count="2" type="stmt"/>
        <line num="7" count="2" type="stmt"/>
      </file>
      <file name="SortOptions.jsx" path="/Users/ctunakan/FEC/FEC/client/src/components/RateAndReviewFolder/SortOptions.jsx">
        <metrics statements="2" coveredstatements="2" conditionals="0" coveredconditionals="0" methods="1" coveredmethods="1"/>
        <line num="3" count="2" type="stmt"/>
        <line num="4" count="2" type="stmt"/>
      </file>
    </package>
  </project>
</coverage>
