{"/Users/ctunakan/FEC/FEC/client/src/components/App.jsx": {"path":"/Users/ctunakan/FEC/FEC/client/src/components/App.jsx","statementMap":{"0":{"start":{"line":11,"column":12},"end":{"line":24,"column":1}},"1":{"start":{"line":12,"column":36},"end":{"line":12,"column":48}},"2":{"start":{"line":14,"column":2},"end":{"line":23,"column":4}}},"fnMap":{"0":{"name":"(anonymous_0)","decl":{"start":{"line":11,"column":12},"end":{"line":11,"column":13}},"loc":{"start":{"line":11,"column":23},"end":{"line":24,"column":1}},"line":11}},"branchMap":{},"s":{"0":1,"1":1,"2":1},"f":{"0":1},"b":{},"_coverageSchema":"1a1c01bbd47fc00a2c39e90264f33305004495a9","hash":"0284a2f8e8392639e9797cfba37adf848ebf5e25"}
,"/Users/ctunakan/FEC/FEC/client/src/components/OverviewFolder/Overview.jsx": {"path":"/Users/ctunakan/FEC/FEC/client/src/components/OverviewFolder/Overview.jsx","statementMap":{"0":{"start":{"line":4,"column":17},"end":{"line":16,"column":1}},"1":{"start":{"line":10,"column":2},"end":{"line":15,"column":3}}},"fnMap":{"0":{"name":"(anonymous_0)","decl":{"start":{"line":4,"column":17},"end":{"line":4,"column":18}},"loc":{"start":{"line":4,"column":28},"end":{"line":16,"column":1}},"line":4}},"branchMap":{},"s":{"0":1,"1":1},"f":{"0":1},"b":{},"_coverageSchema":"1a1c01bbd47fc00a2c39e90264f33305004495a9","hash":"cd536199a484b9dd27cfd345b52ecc9cb7361c46"}
,"/Users/ctunakan/FEC/FEC/client/src/components/QuestionAnswerFolder/QuestionAnswer.jsx": {"path":"/Users/ctunakan/FEC/FEC/client/src/components/QuestionAnswerFolder/QuestionAnswer.jsx","statementMap":{"0":{"start":{"line":4,"column":23},"end":{"line":11,"column":1}},"1":{"start":{"line":5,"column":2},"end":{"line":10,"column":3}}},"fnMap":{"0":{"name":"(anonymous_0)","decl":{"start":{"line":4,"column":23},"end":{"line":4,"column":24}},"loc":{"start":{"line":4,"column":34},"end":{"line":11,"column":1}},"line":4}},"branchMap":{},"s":{"0":1,"1":1},"f":{"0":1},"b":{},"_coverageSchema":"1a1c01bbd47fc00a2c39e90264f33305004495a9","hash":"d1af42241dfad851dbd21a035b0e3fc9c0d4d35e"}
,"/Users/ctunakan/FEC/FEC/client/src/components/RateAndReviewFolder/NewReview.jsx": {"path":"/Users/ctunakan/FEC/FEC/client/src/components/RateAndReviewFolder/NewReview.jsx","statementMap":{"0":{"start":{"line":3,"column":18},"end":{"line":9,"column":1}},"1":{"start":{"line":4,"column":2},"end":{"line":8,"column":3}}},"fnMap":{"0":{"name":"(anonymous_0)","decl":{"start":{"line":3,"column":18},"end":{"line":3,"column":19}},"loc":{"start":{"line":3,"column":29},"end":{"line":9,"column":1}},"line":3}},"branchMap":{},"s":{"0":2,"1":2},"f":{"0":2},"b":{},"_coverageSchema":"1a1c01bbd47fc00a2c39e90264f33305004495a9","hash":"92eb57a70483ec37ecc256e00ba8d768244275d7"}
,"/Users/ctunakan/FEC/FEC/client/src/components/RateAndReviewFolder/ProductBreakdown.jsx": {"path":"/Users/ctunakan/FEC/FEC/client/src/components/RateAndReviewFolder/ProductBreakdown.jsx","statementMap":{"0":{"start":{"line":3,"column":25},"end":{"line":9,"column":1}},"1":{"start":{"line":4,"column":2},"end":{"line":8,"column":3}}},"fnMap":{"0":{"name":"(anonymous_0)","decl":{"start":{"line":3,"column":25},"end":{"line":3,"column":26}},"loc":{"start":{"line":3,"column":36},"end":{"line":9,"column":1}},"line":3}},"branchMap":{},"s":{"0":2,"1":2},"f":{"0":2},"b":{},"_coverageSchema":"1a1c01bbd47fc00a2c39e90264f33305004495a9","hash":"4f4a2b6fa3bb3217ff9949d31699ef311b8bfaa3"}
,"/Users/ctunakan/FEC/FEC/client/src/components/RateAndReviewFolder/RateAndReview.jsx": {"path":"/Users/ctunakan/FEC/FEC/client/src/components/RateAndReviewFolder/RateAndReview.jsx","statementMap":{"0":{"start":{"line":6,"column":22},"end":{"line":15,"column":1}},"1":{"start":{"line":7,"column":2},"end":{"line":14,"column":3}}},"fnMap":{"0":{"name":"(anonymous_0)","decl":{"start":{"line":6,"column":22},"end":{"line":6,"column":23}},"loc":{"start":{"line":6,"column":33},"end":{"line":15,"column":1}},"line":6}},"branchMap":{},"s":{"0":2,"1":2},"f":{"0":2},"b":{},"_coverageSchema":"1a1c01bbd47fc00a2c39e90264f33305004495a9","hash":"caafda736b8adbb86533ba3bc4c6a34edba7fdd9"}
,"/Users/ctunakan/FEC/FEC/client/src/components/RateAndReviewFolder/RatingBreakdown.jsx": {"path":"/Users/ctunakan/FEC/FEC/client/src/components/RateAndReviewFolder/RatingBreakdown.jsx","statementMap":{"0":{"start":{"line":3,"column":24},"end":{"line":13,"column":1}},"1":{"start":{"line":4,"column":2},"end":{"line":12,"column":3}}},"fnMap":{"0":{"name":"(anonymous_0)","decl":{"start":{"line":3,"column":24},"end":{"line":3,"column":25}},"loc":{"start":{"line":3,"column":35},"end":{"line":13,"column":1}},"line":3}},"branchMap":{},"s":{"0":3,"1":6},"f":{"0":6},"b":{},"_coverageSchema":"1a1c01bbd47fc00a2c39e90264f33305004495a9","hash":"1d41267ada46436acb3697dcf7c927cbefa1103b"}
,"/Users/ctunakan/FEC/FEC/client/src/components/RateAndReviewFolder/ReviewTile.jsx": {"path":"/Users/ctunakan/FEC/FEC/client/src/components/RateAndReviewFolder/ReviewTile.jsx","statementMap":{"0":{"start":{"line":3,"column":19},"end":{"line":9,"column":1}},"1":{"start":{"line":4,"column":2},"end":{"line":8,"column":3}}},"fnMap":{"0":{"name":"(anonymous_0)","decl":{"start":{"line":3,"column":19},"end":{"line":3,"column":20}},"loc":{"start":{"line":3,"column":30},"end":{"line":9,"column":1}},"line":3}},"branchMap":{},"s":{"0":2,"1":2},"f":{"0":2},"b":{},"_coverageSchema":"1a1c01bbd47fc00a2c39e90264f33305004495a9","hash":"a170abb4ab70c28fdad062b7c66afcd506708474"}
,"/Users/ctunakan/FEC/FEC/client/src/components/RateAndReviewFolder/ReviewsList.jsx": {"path":"/Users/ctunakan/FEC/FEC/client/src/components/RateAndReviewFolder/ReviewsList.jsx","statementMap":{"0":{"start":{"line":6,"column":20},"end":{"line":15,"column":1}},"1":{"start":{"line":7,"column":2},"end":{"line":14,"column":3}}},"fnMap":{"0":{"name":"(anonymous_0)","decl":{"start":{"line":6,"column":20},"end":{"line":6,"column":21}},"loc":{"start":{"line":6,"column":31},"end":{"line":15,"column":1}},"line":6}},"branchMap":{},"s":{"0":2,"1":2},"f":{"0":2},"b":{},"_coverageSchema":"1a1c01bbd47fc00a2c39e90264f33305004495a9","hash":"5029eb7444ab06e36e4668019822ab74d5f1a259"}
,"/Users/ctunakan/FEC/FEC/client/src/components/RateAndReviewFolder/SortOptions.jsx": {"path":"/Users/ctunakan/FEC/FEC/client/src/components/RateAndReviewFolder/SortOptions.jsx","statementMap":{"0":{"start":{"line":3,"column":20},"end":{"line":9,"column":1}},"1":{"start":{"line":4,"column":2},"end":{"line":8,"column":3}}},"fnMap":{"0":{"name":"(anonymous_0)","decl":{"start":{"line":3,"column":20},"end":{"line":3,"column":21}},"loc":{"start":{"line":3,"column":31},"end":{"line":9,"column":1}},"line":3}},"branchMap":{},"s":{"0":2,"1":2},"f":{"0":2},"b":{},"_coverageSchema":"1a1c01bbd47fc00a2c39e90264f33305004495a9","hash":"22b7c1693db5dae3987919b5d296ad025405641f"}
}
