TN:
SF:client/src/components/App.jsx
FN:11,(anonymous_0)
FNF:1
FNH:1
FNDA:1,(anonymous_0)
DA:11,1
DA:12,1
DA:14,1
LF:3
LH:3
BRF:0
BRH:0
end_of_record
TN:
SF:client/src/components/OverviewFolder/Overview.jsx
FN:4,(anonymous_0)
FNF:1
FNH:1
FNDA:1,(anonymous_0)
DA:4,1
DA:10,1
LF:2
LH:2
BRF:0
BRH:0
end_of_record
TN:
SF:client/src/components/QuestionAnswerFolder/QuestionAnswer.jsx
FN:4,(anonymous_0)
FNF:1
FNH:1
FNDA:1,(anonymous_0)
DA:4,1
DA:5,1
LF:2
LH:2
BRF:0
BRH:0
end_of_record
TN:
SF:client/src/components/RateAndReviewFolder/NewReview.jsx
FN:3,(anonymous_0)
FNF:1
FNH:1
FNDA:2,(anonymous_0)
DA:3,2
DA:4,2
LF:2
LH:2
BRF:0
BRH:0
end_of_record
TN:
SF:client/src/components/RateAndReviewFolder/ProductBreakdown.jsx
FN:3,(anonymous_0)
FNF:1
FNH:1
FNDA:2,(anonymous_0)
DA:3,2
DA:4,2
LF:2
LH:2
BRF:0
BRH:0
end_of_record
TN:
SF:client/src/components/RateAndReviewFolder/RateAndReview.jsx
FN:6,(anonymous_0)
FNF:1
FNH:1
FNDA:2,(anonymous_0)
DA:6,2
DA:7,2
LF:2
LH:2
BRF:0
BRH:0
end_of_record
TN:
SF:client/src/components/RateAndReviewFolder/RatingBreakdown.jsx
FN:3,(anonymous_0)
FNF:1
FNH:1
FNDA:6,(anonymous_0)
DA:3,3
DA:4,6
LF:2
LH:2
BRF:0
BRH:0
end_of_record
TN:
SF:client/src/components/RateAndReviewFolder/ReviewTile.jsx
FN:3,(anonymous_0)
FNF:1
FNH:1
FNDA:2,(anonymous_0)
DA:3,2
DA:4,2
LF:2
LH:2
BRF:0
BRH:0
end_of_record
TN:
SF:client/src/components/RateAndReviewFolder/ReviewsList.jsx
FN:6,(anonymous_0)
FNF:1
FNH:1
FNDA:2,(anonymous_0)
DA:6,2
DA:7,2
LF:2
LH:2
BRF:0
BRH:0
end_of_record
TN:
SF:client/src/components/RateAndReviewFolder/SortOptions.jsx
FN:3,(anonymous_0)
FNF:1
FNH:1
FNDA:2,(anonymous_0)
DA:3,2
DA:4,2
LF:2
LH:2
BRF:0
BRH:0
end_of_record
